<?xml version="1.0" encoding="UTF-8"?>
<!-- Generated by org.testng.reporters.JUnitXMLReporter -->
<testsuite ignored="1" hostname="Saran" failures="0" tests="1" name="Surefire test" time="0.061" errors="0" timestamp="2025-12-27T17:38:46 IST">
  <testcase classname="tests.SimpleCleanupDemo" name="testDataCleanupOnSuccess" time="0.008"/>
  <testcase classname="tests.SimpleCleanupDemo" name="testDataCleanupOnFailure" time="0.0">
    <ignored/>
  </testcase> <!-- testDataCleanupOnFailure -->
</testsuite> <!-- Surefire test -->
