<?xml version="1.0" encoding="UTF-8"?>
<!-- Generated by org.testng.reporters.JUnitXMLReporter -->
<testsuite ignored="0" hostname="Saran" failures="1" tests="2" name="Cleanup Tests" time="0.045" errors="0" timestamp="2025-12-27T17:37:41 IST">
  <testcase classname="tests.SimpleCleanupDemo" name="testDataCleanupOnFailure" time="0.007">
    <failure type="java.lang.AssertionError" message="INTENTIONAL FAILURE: Demonstrating cleanup on failure">
      <![CDATA[java.lang.AssertionError: INTENTIONAL FAILURE: Demonstrating cleanup on failure
at tests.SimpleCleanupDemo.testDataCleanupOnFailure(SimpleCleanupDemo.java:56)
at java.base/java.util.ArrayList.forEach(ArrayList.java:1596)
... Removed 30 stack frames]]>
    </failure>
  </testcase> <!-- testDataCleanupOnFailure -->
  <testcase classname="tests.SimpleCleanupDemo" name="testDataCleanupOnSuccess" time="0.0"/>
</testsuite> <!-- Cleanup Tests -->
